<?xml version="1.0" encoding="UTF-8"?>
<!DOCTYPE properties SYSTEM "http://java.sun.com/dtd/properties.dtd">
<properties version="1.0">
  <comment>Sample test run arguments (ets-security-client10)</comment>
  <entry key="service_type">wms13</entry>
  <entry key="serverUrl">http://localhost:8081/teamengine</entry>
  <entry key="jks_path">src/main/resources/security.jks</entry>
  <entry key="jks_password"><![CDATA[ets-security-client]]></entry>
  <entry key="authentication"></entry>
  <entry key="idp_url"></entry>
  <entry key="http_methods">true</entry>
  <entry key="w3c_cors">true</entry>
  <entry key="http_exception_handling">true</entry>
  <entry key="http_post_content_type">true</entry>
</properties>
